{"/Users/michael/dev/beauty-desk/src/components/context/displayContext.jsx": {"path":"/Users/michael/dev/beauty-desk/src/components/context/displayContext.jsx","statementMap":{"0":{"start":{"line":3,"column":30},"end":{"line":3,"column":45}},"1":{"start":{"line":6,"column":31},"end":{"line":18,"column":1}},"2":{"start":{"line":7,"column":32},"end":{"line":11,"column":4}},"3":{"start":{"line":13,"column":2},"end":{"line":17,"column":3}}},"fnMap":{"0":{"name":"(anonymous_0)","decl":{"start":{"line":6,"column":31},"end":{"line":6,"column":32}},"loc":{"start":{"line":6,"column":42},"end":{"line":18,"column":1}},"line":6}},"branchMap":{},"s":{"0":1,"1":1,"2":1,"3":1},"f":{"0":1},"b":{},"_coverageSchema":"1a1c01bbd47fc00a2c39e90264f33305004495a9","hash":"4292443fcb6a1ffd4b1a3e96318f1cf71b2fc77f"}
,"/Users/michael/dev/beauty-desk/src/components/context/userContext.jsx": {"path":"/Users/michael/dev/beauty-desk/src/components/context/userContext.jsx","statementMap":{"0":{"start":{"line":3,"column":27},"end":{"line":3,"column":42}},"1":{"start":{"line":6,"column":28},"end":{"line":15,"column":1}},"2":{"start":{"line":7,"column":26},"end":{"line":8,"column":4}},"3":{"start":{"line":10,"column":2},"end":{"line":14,"column":3}}},"fnMap":{"0":{"name":"(anonymous_0)","decl":{"start":{"line":6,"column":28},"end":{"line":6,"column":29}},"loc":{"start":{"line":6,"column":39},"end":{"line":15,"column":1}},"line":6}},"branchMap":{},"s":{"0":1,"1":1,"2":1,"3":1},"f":{"0":1},"b":{},"_coverageSchema":"1a1c01bbd47fc00a2c39e90264f33305004495a9","hash":"91c0e5b0544b392ff8a37b6176cd3477878d7ea8"}
,"/Users/michael/dev/beauty-desk/src/components/login/Login.jsx": {"path":"/Users/michael/dev/beauty-desk/src/components/login/Login.jsx","statementMap":{"0":{"start":{"line":6,"column":28},"end":{"line":6,"column":52}},"1":{"start":{"line":7,"column":77},"end":{"line":7,"column":101}},"2":{"start":{"line":11,"column":36},"end":{"line":13,"column":4}},"3":{"start":{"line":16,"column":32},"end":{"line":16,"column":58}},"4":{"start":{"line":18,"column":26},"end":{"line":18,"column":49}},"5":{"start":{"line":20,"column":30},"end":{"line":20,"column":45}},"6":{"start":{"line":23,"column":23},"end":{"line":27,"column":3}},"7":{"start":{"line":24,"column":15},"end":{"line":24,"column":28}},"8":{"start":{"line":25,"column":16},"end":{"line":25,"column":30}},"9":{"start":{"line":26,"column":4},"end":{"line":26,"column":62}},"10":{"start":{"line":26,"column":31},"end":{"line":26,"column":60}},"11":{"start":{"line":30,"column":22},"end":{"line":47,"column":3}},"12":{"start":{"line":31,"column":4},"end":{"line":46,"column":5}},"13":{"start":{"line":32,"column":6},"end":{"line":45,"column":7}},"14":{"start":{"line":33,"column":8},"end":{"line":42,"column":45}},"15":{"start":{"line":35,"column":12},"end":{"line":40,"column":13}},"16":{"start":{"line":36,"column":14},"end":{"line":36,"column":36}},"17":{"start":{"line":37,"column":14},"end":{"line":37,"column":88}},"18":{"start":{"line":37,"column":39},"end":{"line":37,"column":86}},"19":{"start":{"line":39,"column":14},"end":{"line":39,"column":30}},"20":{"start":{"line":42,"column":26},"end":{"line":42,"column":44}},"21":{"start":{"line":44,"column":8},"end":{"line":44,"column":23}},"22":{"start":{"line":50,"column":25},"end":{"line":52,"column":3}},"23":{"start":{"line":51,"column":4},"end":{"line":51,"column":75}},"24":{"start":{"line":51,"column":29},"end":{"line":51,"column":73}},"25":{"start":{"line":54,"column":2},"end":{"line":65,"column":5}}},"fnMap":{"0":{"name":"Login","decl":{"start":{"line":9,"column":9},"end":{"line":9,"column":14}},"loc":{"start":{"line":9,"column":17},"end":{"line":66,"column":1}},"line":9},"1":{"name":"(anonymous_1)","decl":{"start":{"line":23,"column":23},"end":{"line":23,"column":24}},"loc":{"start":{"line":23,"column":30},"end":{"line":27,"column":3}},"line":23},"2":{"name":"(anonymous_2)","decl":{"start":{"line":26,"column":17},"end":{"line":26,"column":18}},"loc":{"start":{"line":26,"column":31},"end":{"line":26,"column":60}},"line":26},"3":{"name":"(anonymous_3)","decl":{"start":{"line":30,"column":22},"end":{"line":30,"column":23}},"loc":{"start":{"line":30,"column":28},"end":{"line":47,"column":3}},"line":30},"4":{"name":"(anonymous_4)","decl":{"start":{"line":34,"column":16},"end":{"line":34,"column":17}},"loc":{"start":{"line":34,"column":30},"end":{"line":41,"column":11}},"line":34},"5":{"name":"(anonymous_5)","decl":{"start":{"line":37,"column":25},"end":{"line":37,"column":26}},"loc":{"start":{"line":37,"column":39},"end":{"line":37,"column":86}},"line":37},"6":{"name":"(anonymous_6)","decl":{"start":{"line":42,"column":17},"end":{"line":42,"column":18}},"loc":{"start":{"line":42,"column":26},"end":{"line":42,"column":44}},"line":42},"7":{"name":"(anonymous_7)","decl":{"start":{"line":50,"column":25},"end":{"line":50,"column":26}},"loc":{"start":{"line":50,"column":31},"end":{"line":52,"column":3}},"line":50},"8":{"name":"(anonymous_8)","decl":{"start":{"line":51,"column":15},"end":{"line":51,"column":16}},"loc":{"start":{"line":51,"column":29},"end":{"line":51,"column":73}},"line":51}},"branchMap":{"0":{"loc":{"start":{"line":31,"column":4},"end":{"line":46,"column":5}},"type":"if","locations":[{"start":{"line":31,"column":4},"end":{"line":46,"column":5}},{"start":{"line":31,"column":4},"end":{"line":46,"column":5}}],"line":31},"1":{"loc":{"start":{"line":31,"column":8},"end":{"line":31,"column":45}},"type":"binary-expr","locations":[{"start":{"line":31,"column":8},"end":{"line":31,"column":23}},{"start":{"line":31,"column":27},"end":{"line":31,"column":45}}],"line":31},"2":{"loc":{"start":{"line":32,"column":6},"end":{"line":45,"column":7}},"type":"if","locations":[{"start":{"line":32,"column":6},"end":{"line":45,"column":7}},{"start":{"line":32,"column":6},"end":{"line":45,"column":7}}],"line":32},"3":{"loc":{"start":{"line":32,"column":10},"end":{"line":32,"column":64}},"type":"binary-expr","locations":[{"start":{"line":32,"column":10},"end":{"line":32,"column":32}},{"start":{"line":32,"column":36},"end":{"line":32,"column":64}}],"line":32},"4":{"loc":{"start":{"line":35,"column":12},"end":{"line":40,"column":13}},"type":"if","locations":[{"start":{"line":35,"column":12},"end":{"line":40,"column":13}},{"start":{"line":35,"column":12},"end":{"line":40,"column":13}}],"line":35},"5":{"loc":{"start":{"line":62,"column":9},"end":{"line":62,"column":67}},"type":"binary-expr","locations":[{"start":{"line":62,"column":9},"end":{"line":62,"column":15}},{"start":{"line":62,"column":19},"end":{"line":62,"column":67}}],"line":62}},"s":{"0":1,"1":1,"2":1,"3":1,"4":1,"5":1,"6":1,"7":0,"8":0,"9":0,"10":0,"11":1,"12":0,"13":0,"14":0,"15":0,"16":0,"17":0,"18":0,"19":0,"20":0,"21":0,"22":1,"23":0,"24":0,"25":1},"f":{"0":1,"1":0,"2":0,"3":0,"4":0,"5":0,"6":0,"7":0,"8":0},"b":{"0":[0,0],"1":[0,0],"2":[0,0],"3":[0,0],"4":[0,0],"5":[1,0]},"_coverageSchema":"1a1c01bbd47fc00a2c39e90264f33305004495a9","hash":"56fa0d9721d17a1822193d91021d2dcbe6220cd8"}
,"/Users/michael/dev/beauty-desk/src/components/login/loginStyles.js": {"path":"/Users/michael/dev/beauty-desk/src/components/login/loginStyles.js","statementMap":{"0":{"start":{"line":3,"column":28},"end":{"line":18,"column":1}},"1":{"start":{"line":20,"column":21},"end":{"line":24,"column":1}},"2":{"start":{"line":26,"column":20},"end":{"line":34,"column":1}},"3":{"start":{"line":36,"column":22},"end":{"line":44,"column":1}},"4":{"start":{"line":45,"column":29},"end":{"line":49,"column":1}},"5":{"start":{"line":52,"column":24},"end":{"line":56,"column":1}}},"fnMap":{},"branchMap":{},"s":{"0":1,"1":1,"2":1,"3":1,"4":1,"5":1},"f":{},"b":{},"_coverageSchema":"1a1c01bbd47fc00a2c39e90264f33305004495a9","hash":"065c4ee4d0b27ec1b64c95a50ab11efca26113ed"}
,"/Users/michael/dev/beauty-desk/src/components/validation/index.js": {"path":"/Users/michael/dev/beauty-desk/src/components/validation/index.js","statementMap":{"0":{"start":{"line":2,"column":14},"end":{"line":2,"column":63}},"1":{"start":{"line":3,"column":2},"end":{"line":3,"column":28}},"2":{"start":{"line":7,"column":14},"end":{"line":7,"column":27}},"3":{"start":{"line":8,"column":2},"end":{"line":8,"column":23}},"4":{"start":{"line":12,"column":14},"end":{"line":12,"column":64}},"5":{"start":{"line":13,"column":2},"end":{"line":13,"column":25}}},"fnMap":{"0":{"name":"Password","decl":{"start":{"line":1,"column":16},"end":{"line":1,"column":24}},"loc":{"start":{"line":1,"column":35},"end":{"line":4,"column":1}},"line":1},"1":{"name":"Name","decl":{"start":{"line":6,"column":16},"end":{"line":6,"column":20}},"loc":{"start":{"line":6,"column":27},"end":{"line":9,"column":1}},"line":6},"2":{"name":"Email","decl":{"start":{"line":11,"column":16},"end":{"line":11,"column":21}},"loc":{"start":{"line":11,"column":29},"end":{"line":14,"column":1}},"line":11}},"branchMap":{},"s":{"0":2,"1":2,"2":3,"3":3,"4":2,"5":2},"f":{"0":2,"1":3,"2":2},"b":{},"_coverageSchema":"1a1c01bbd47fc00a2c39e90264f33305004495a9","hash":"995ae36de5712c41e9b52ed57d0260cbed3ccc5a"}
}
