TN:
SF:src/components/context/displayContext.jsx
FN:6,(anonymous_0)
FNF:1
FNH:1
FNDA:1,(anonymous_0)
DA:3,1
DA:6,1
DA:7,1
DA:13,1
LF:4
LH:4
BRF:0
BRH:0
end_of_record
TN:
SF:src/components/context/userContext.jsx
FN:6,(anonymous_0)
FNF:1
FNH:1
FNDA:1,(anonymous_0)
DA:3,1
DA:6,1
DA:7,1
DA:10,1
LF:4
LH:4
BRF:0
BRH:0
end_of_record
TN:
SF:src/components/login/Login.jsx
FN:9,Login
FN:23,(anonymous_1)
FN:26,(anonymous_2)
FN:30,(anonymous_3)
FN:34,(anonymous_4)
FN:37,(anonymous_5)
FN:42,(anonymous_6)
FN:50,(anonymous_7)
FN:51,(anonymous_8)
FNF:9
FNH:1
FNDA:1,Login
FNDA:0,(anonymous_1)
FNDA:0,(anonymous_2)
FNDA:0,(anonymous_3)
FNDA:0,(anonymous_4)
FNDA:0,(anonymous_5)
FNDA:0,(anonymous_6)
FNDA:0,(anonymous_7)
FNDA:0,(anonymous_8)
DA:6,1
DA:7,1
DA:11,1
DA:16,1
DA:18,1
DA:20,1
DA:23,1
DA:24,0
DA:25,0
DA:26,0
DA:30,1
DA:31,0
DA:32,0
DA:33,0
DA:35,0
DA:36,0
DA:37,0
DA:39,0
DA:42,0
DA:44,0
DA:50,1
DA:51,0
DA:54,1
LF:23
LH:10
BRDA:31,0,0,0
BRDA:31,0,1,0
BRDA:31,1,0,0
BRDA:31,1,1,0
BRDA:32,2,0,0
BRDA:32,2,1,0
BRDA:32,3,0,0
BRDA:32,3,1,0
BRDA:35,4,0,0
BRDA:35,4,1,0
BRDA:62,5,0,1
BRDA:62,5,1,0
BRF:12
BRH:1
end_of_record
TN:
SF:src/components/login/loginStyles.js
FNF:0
FNH:0
DA:3,1
DA:20,1
DA:26,1
DA:36,1
DA:45,1
DA:52,1
LF:6
LH:6
BRF:0
BRH:0
end_of_record
TN:
SF:src/components/validation/index.js
FN:1,Password
FN:6,Name
FN:11,Email
FNF:3
FNH:3
FNDA:2,Password
FNDA:3,Name
FNDA:2,Email
DA:2,2
DA:3,2
DA:7,3
DA:8,3
DA:12,2
DA:13,2
LF:6
LH:6
BRF:0
BRH:0
end_of_record
